[INFO] Scanning for projects...
[INFO] 
[INFO] --< com.smartfarminganddigitalagriplatform:smartfarminganddigitalagriplatform >--
[INFO] Building smartfarminganddigitalagriplatform 0.0.1-SNAPSHOT
[INFO]   from pom.xml
[INFO] --------------------------------[ jar ]---------------------------------
[INFO] 
[INFO] >>> spring-boot:3.2.3:run (default-cli) > test-compile @ smartfarminganddigitalagriplatform >>>
[INFO] 
[INFO] --- resources:3.3.1:resources (default-resources) @ smartfarminganddigitalagriplatform ---
[INFO] Copying 1 resource from src\main\resources to target\classes
[INFO] Copying 1 resource from src\main\resources to target\classes
[INFO] 
[INFO] --- compiler:3.11.0:compile (default-compile) @ smartfarminganddigitalagriplatform ---
[INFO] Nothing to compile - all classes are up to date
[INFO] 
[INFO] --- resources:3.3.1:testResources (default-testResources) @ smartfarminganddigitalagriplatform ---
[INFO] skip non existing resourceDirectory D:\spring\smartfarminganddigitalagriplatform\src\test\resources
[INFO] 
[INFO] --- compiler:3.11.0:testCompile (default-testCompile) @ smartfarminganddigitalagriplatform ---
[INFO] Nothing to compile - all classes are up to date
[INFO] 
[INFO] <<< spring-boot:3.2.3:run (default-cli) < test-compile @ smartfarminganddigitalagriplatform <<<
[INFO] 
[INFO] 
[INFO] --- spring-boot:3.2.3:run (default-cli) @ smartfarminganddigitalagriplatform ---
[INFO] Attaching agents: []

  .   ____          _            __ _ _
 /\\ / ___'_ __ _ _(_)_ __  __ _ \ \ \ \
( ( )\___ | '_ | '_| | '_ \/ _` | \ \ \ \
 \\/  ___)| |_)| | | | | || (_| |  ) ) ) )
  '  |____| .__|_| |_|_| |_\__, | / / / /
 =========|_|==============|___/=/_/_/_/
 :: Spring Boot ::                (v3.2.3)

2026-02-24T11:48:48.809+05:30  INFO 17544 --- [SmartFarmingPlatform] [  restartedMain] farminganddigitalagriplatformApplication : Starting SmartfarminganddigitalagriplatformApplication using Java 25.0.1 with PID 17544 (D:\spring\smartfarminganddigitalagriplatform\target\classes started by ADMIN in D:\spring\smartfarminganddigitalagriplatform)
2026-02-24T11:48:48.811+05:30 DEBUG 17544 --- [SmartFarmingPlatform] [  restartedMain] farminganddigitalagriplatformApplication : Running with Spring Boot v3.2.3, Spring v6.1.4
2026-02-24T11:48:48.811+05:30  INFO 17544 --- [SmartFarmingPlatform] [  restartedMain] farminganddigitalagriplatformApplication : No active profile set, falling back to 1 default profile: "default"
2026-02-24T11:48:48.892+05:30  INFO 17544 --- [SmartFarmingPlatform] [  restartedMain] .e.DevToolsPropertyDefaultsPostProcessor : Devtools property defaults active! Set 'spring.devtools.add-properties' to 'false' to disable
2026-02-24T11:48:48.893+05:30  INFO 17544 --- [SmartFarmingPlatform] [  restartedMain] .e.DevToolsPropertyDefaultsPostProcessor : For additional web related logging consider setting the 'logging.level.web' property to 'DEBUG'
2026-02-24T11:48:49.848+05:30  INFO 17544 --- [SmartFarmingPlatform] [  restartedMain] .s.d.r.c.RepositoryConfigurationDelegate : Bootstrapping Spring Data JPA repositories in DEFAULT mode.
2026-02-24T11:48:49.985+05:30  INFO 17544 --- [SmartFarmingPlatform] [  restartedMain] .s.d.r.c.RepositoryConfigurationDelegate : Finished Spring Data repository scanning in 128 ms. Found 6 JPA repository interfaces.
WARNING: A restricted method in java.lang.System has been called
WARNING: java.lang.System::load has been called by org.apache.tomcat.jni.Library in an unnamed module (file:/C:/Users/ADMIN/.m2/repository/org/apache/tomcat/embed/tomcat-embed-core/10.1.19/tomcat-embed-core-10.1.19.jar)
WARNING: Use --enable-native-access=ALL-UNNAMED to avoid a warning for callers in this module
WARNING: Restricted methods will be blocked in a future release unless native access is enabled

2026-02-24T11:48:50.892+05:30  INFO 17544 --- [SmartFarmingPlatform] [  restartedMain] o.s.b.w.embedded.tomcat.TomcatWebServer  : Tomcat initialized with port 8080 (http)
2026-02-24T11:48:50.922+05:30  INFO 17544 --- [SmartFarmingPlatform] [  restartedMain] o.apache.catalina.core.StandardService   : Starting service [Tomcat]
2026-02-24T11:48:50.922+05:30  INFO 17544 --- [SmartFarmingPlatform] [  restartedMain] o.apache.catalina.core.StandardEngine    : Starting Servlet engine: [Apache Tomcat/10.1.19]
2026-02-24T11:48:51.203+05:30  INFO 17544 --- [SmartFarmingPlatform] [  restartedMain] org.apache.jasper.servlet.TldScanner     : At least one JAR was scanned for TLDs yet contained no TLDs. Enable debug logging for this logger for a complete list of JARs that were scanned but no TLDs were found in them. Skipping unneeded JARs during scanning can improve startup time and JSP compilation time.
2026-02-24T11:48:51.212+05:30  INFO 17544 --- [SmartFarmingPlatform] [  restartedMain] o.a.c.c.C.[Tomcat].[localhost].[/]       : Initializing Spring embedded WebApplicationContext
2026-02-24T11:48:51.213+05:30  INFO 17544 --- [SmartFarmingPlatform] [  restartedMain] w.s.c.ServletWebServerApplicationContext : Root WebApplicationContext: initialization completed in 2318 ms
2026-02-24T11:48:51.434+05:30  INFO 17544 --- [SmartFarmingPlatform] [  restartedMain] o.hibernate.jpa.internal.util.LogHelper  : HHH000204: Processing PersistenceUnitInfo [name: default]
2026-02-24T11:48:51.496+05:30  INFO 17544 --- [SmartFarmingPlatform] [  restartedMain] org.hibernate.Version                    : HHH000412: Hibernate ORM core version 6.4.4.Final
2026-02-24T11:48:51.534+05:30  INFO 17544 --- [SmartFarmingPlatform] [  restartedMain] o.h.c.internal.RegionFactoryInitiator    : HHH000026: Second-level cache disabled
2026-02-24T11:48:51.821+05:30  INFO 17544 --- [SmartFarmingPlatform] [  restartedMain] o.s.o.j.p.SpringPersistenceUnitInfo      : No LoadTimeWeaver setup: ignoring JPA class transformer
2026-02-24T11:48:51.854+05:30  INFO 17544 --- [SmartFarmingPlatform] [  restartedMain] com.zaxxer.hikari.HikariDataSource       : HikariPool-1 - Starting...
2026-02-24T11:48:52.070+05:30  INFO 17544 --- [SmartFarmingPlatform] [  restartedMain] com.zaxxer.hikari.pool.HikariPool        : HikariPool-1 - Added connection com.mysql.cj.jdbc.ConnectionImpl@273f9d0b
2026-02-24T11:48:52.073+05:30  INFO 17544 --- [SmartFarmingPlatform] [  restartedMain] com.zaxxer.hikari.HikariDataSource       : HikariPool-1 - Start completed.
2026-02-24T11:48:52.168+05:30  WARN 17544 --- [SmartFarmingPlatform] [  restartedMain] org.hibernate.orm.deprecation            : HHH90000025: MySQLDialect does not need to be specified explicitly using 'hibernate.dialect' (remove the property setting and it will be selected by default)
2026-02-24T11:48:53.628+05:30  INFO 17544 --- [SmartFarmingPlatform] [  restartedMain] o.h.e.t.j.p.i.JtaPlatformInitiator       : HHH000489: No JTA platform available (set 'hibernate.transaction.jta.platform' to enable JTA platform integration)
2026-02-24T11:48:53.729+05:30  INFO 17544 --- [SmartFarmingPlatform] [  restartedMain] j.LocalContainerEntityManagerFactoryBean : Initialized JPA EntityManagerFactory for persistence unit 'default'
2026-02-24T11:48:54.257+05:30  INFO 17544 --- [SmartFarmingPlatform] [  restartedMain] o.s.d.j.r.query.QueryEnhancerFactory     : Hibernate is in classpath; If applicable, HQL parser will be used.
2026-02-24T11:48:54.957+05:30  WARN 17544 --- [SmartFarmingPlatform] [  restartedMain] JpaBaseConfiguration$JpaWebConfiguration : spring.jpa.open-in-view is enabled by default. Therefore, database queries may be performed during view rendering. Explicitly configure spring.jpa.open-in-view to disable this warning
2026-02-24T11:48:55.401+05:30  INFO 17544 --- [SmartFarmingPlatform] [  restartedMain] o.s.s.web.DefaultSecurityFilterChain     : Will secure any request with [org.springframework.security.web.session.DisableEncodeUrlFilter@8d974e1, org.springframework.security.web.context.request.async.WebAsyncManagerIntegrationFilter@70491418, org.springframework.security.web.context.SecurityContextHolderFilter@7704bcd9, org.springframework.security.web.header.HeaderWriterFilter@2eca52a9, org.springframework.web.filter.CorsFilter@76d3d018, org.springframework.security.web.csrf.CsrfFilter@43b33be3, org.springframework.security.web.authentication.logout.LogoutFilter@4493e3ce, org.springframework.security.web.authentication.UsernamePasswordAuthenticationFilter@53eabecf, org.springframework.security.web.savedrequest.RequestCacheAwareFilter@52b35e1c, org.springframework.security.web.servletapi.SecurityContextHolderAwareRequestFilter@254d2e28, org.springframework.security.web.authentication.AnonymousAuthenticationFilter@7856f3c9, org.springframework.security.web.access.ExceptionTranslationFilter@1da25b21, org.springframework.security.web.access.intercept.AuthorizationFilter@62e3417b]
2026-02-24T11:48:55.693+05:30  WARN 17544 --- [SmartFarmingPlatform] [  restartedMain] o.s.b.d.a.OptionalLiveReloadServer       : Unable to start LiveReload server
2026-02-24T11:48:55.720+05:30  WARN 17544 --- [SmartFarmingPlatform] [  restartedMain] ConfigServletWebServerApplicationContext : Exception encountered during context initialization - cancelling refresh attempt: org.springframework.context.ApplicationContextException: Failed to start bean 'webServerStartStop'
2026-02-24T11:48:55.725+05:30  INFO 17544 --- [SmartFarmingPlatform] [  restartedMain] j.LocalContainerEntityManagerFactoryBean : Closing JPA EntityManagerFactory for persistence unit 'default'
2026-02-24T11:48:55.729+05:30  INFO 17544 --- [SmartFarmingPlatform] [  restartedMain] com.zaxxer.hikari.HikariDataSource       : HikariPool-1 - Shutdown initiated...
2026-02-24T11:48:55.737+05:30  INFO 17544 --- [SmartFarmingPlatform] [  restartedMain] com.zaxxer.hikari.HikariDataSource       : HikariPool-1 - Shutdown completed.
2026-02-24T11:48:55.754+05:30  INFO 17544 --- [SmartFarmingPlatform] [  restartedMain] .s.b.a.l.ConditionEvaluationReportLogger : 

Error starting ApplicationContext. To display the condition evaluation report re-run your application with 'debug' enabled.
2026-02-24T11:48:55.782+05:30 ERROR 17544 --- [SmartFarmingPlatform] [  restartedMain] o.s.b.d.LoggingFailureAnalysisReporter   : 

***************************
APPLICATION FAILED TO START
***************************

Description:

Web server failed to start. Port 8080 was already in use.

Action:

Identify and stop the process that's listening on port 8080 or configure this application to listen on another port.

[INFO] ------------------------------------------------------------------------
[INFO] BUILD SUCCESS
[INFO] ------------------------------------------------------------------------
[INFO] Total time:  10.539 s
[INFO] Finished at: 2026-02-24T11:48:55+05:30
[INFO] ------------------------------------------------------------------------
